<?xml version="1.0" encoding="UTF-8"?>
<robot generator="Robot 5.0.1 (Python 3.10.7 on win32)" generated="20221006 09:00:45.772" rpa="false" schemaversion="3">
<suite id="s1" name="Amazon Testes Gherkin" source="C:\CursoUdemy\RobotFramework\WebTesting\amazon_testes_gherkin.robot">
<test id="s1-t1" name="Caso de Teste 04 - Remover Produto do Carrinho" line="32">
<kw name="Abrir o navegador" library="amazon_resources" type="SETUP">
<kw name="Open Browser" library="SeleniumLibrary">
<arg>browser=${BROWSER}</arg>
<doc>Opens a new browser instance to the optional ``url``.</doc>
<msg timestamp="20221006 09:00:46.032" level="INFO">Opening browser 'chrome' to base url 'None'.</msg>
<status status="PASS" starttime="20221006 09:00:46.031" endtime="20221006 09:00:47.421"/>
</kw>
<kw name="Maximize Browser Window" library="SeleniumLibrary">
<doc>Maximizes current browser window.</doc>
<status status="PASS" starttime="20221006 09:00:47.421" endtime="20221006 09:00:47.571"/>
</kw>
<status status="PASS" starttime="20221006 09:00:46.030" endtime="20221006 09:00:47.572"/>
</kw>
<kw name="Dado que estou na home page da Amazon.com.br" library="amazon_resources">
<kw name="Acessar a home page do site Amazon.com.br" library="amazon_resources">
<kw name="Go To" library="SeleniumLibrary">
<arg>url=${URL}</arg>
<doc>Navigates the current browser window to the provided ``url``.</doc>
<msg timestamp="20221006 09:00:47.579" level="INFO">Opening url 'https://www.amazon.com.br/'</msg>
<status status="PASS" starttime="20221006 09:00:47.578" endtime="20221006 09:00:50.357"/>
</kw>
<kw name="Wait Until Element Is Visible" library="SeleniumLibrary">
<arg>locator=${MENU_MAISVENDIDOS}</arg>
<doc>Waits until the element ``locator`` is visible.</doc>
<status status="PASS" starttime="20221006 09:00:50.358" endtime="20221006 09:00:50.557"/>
</kw>
<status status="PASS" starttime="20221006 09:00:47.577" endtime="20221006 09:00:50.557"/>
</kw>
<status status="PASS" starttime="20221006 09:00:47.575" endtime="20221006 09:00:50.558"/>
</kw>
<kw name="E existe o produto &quot;Console Xbox Series S&quot; no carrinho" library="amazon_resources">
<kw name="Digitar o nome de produto &quot;Xbox Series S&quot; no campo de pesquisa" library="amazon_resources" sourcename="Digitar o nome de produto &quot;${PRODUTO}&quot; no campo de pesquisa">
<kw name="Input Text" library="SeleniumLibrary">
<arg>locator=twotabsearchtextbox</arg>
<arg>text=${PRODUTO}</arg>
<doc>Types the given ``text`` into the text field identified by ``locator``.</doc>
<msg timestamp="20221006 09:00:50.560" level="INFO">Typing text 'Xbox Series S' into text field 'twotabsearchtextbox'.</msg>
<status status="PASS" starttime="20221006 09:00:50.559" endtime="20221006 09:00:50.819"/>
</kw>
<status status="PASS" starttime="20221006 09:00:50.559" endtime="20221006 09:00:50.821"/>
</kw>
<kw name="Clicar no botão de pesquisa" library="amazon_resources">
<kw name="Click Element" library="SeleniumLibrary">
<arg>locator=nav-search-submit-button</arg>
<doc>Click the element identified by ``locator``.</doc>
<msg timestamp="20221006 09:00:50.822" level="INFO">Clicking element 'nav-search-submit-button'.</msg>
<status status="PASS" starttime="20221006 09:00:50.821" endtime="20221006 09:00:52.866"/>
</kw>
<status status="PASS" starttime="20221006 09:00:50.821" endtime="20221006 09:00:52.866"/>
</kw>
<kw name="Verificar se o resultado da pesquisa está listando o produto &quot;Console Xbox Series S&quot;" library="amazon_resources" sourcename="Verificar se o resultado da pesquisa está listando o produto &quot;${PRODUTO}&quot;">
<kw name="Wait Until Element Is Visible" library="SeleniumLibrary">
<arg>locator=//span[@class='a-size-base a-color-base a-text-normal'][contains(.,'${PRODUTO}')]</arg>
<doc>Waits until the element ``locator`` is visible.</doc>
<status status="PASS" starttime="20221006 09:00:52.867" endtime="20221006 09:00:52.900"/>
</kw>
<kw name="Click Element" library="SeleniumLibrary">
<arg>locator=//span[@class='a-size-base a-color-base a-text-normal'][contains(.,'${PRODUTO}')]</arg>
<doc>Click the element identified by ``locator``.</doc>
<msg timestamp="20221006 09:00:52.901" level="INFO">Clicking element '//span[@class='a-size-base a-color-base a-text-normal'][contains(.,'Console Xbox Series S')]'.</msg>
<status status="PASS" starttime="20221006 09:00:52.900" endtime="20221006 09:00:56.569"/>
</kw>
<status status="PASS" starttime="20221006 09:00:52.867" endtime="20221006 09:00:56.569"/>
</kw>
<kw name="Adicionar o produto &quot;Xbox Series S&quot; no carrinho" library="amazon_resources">
<kw name="Wait Until Element Is Visible" library="SeleniumLibrary">
<arg>locator=//input[contains(@name,'submit.add-to-cart')]</arg>
<doc>Waits until the element ``locator`` is visible.</doc>
<status status="PASS" starttime="20221006 09:00:56.570" endtime="20221006 09:00:56.630"/>
</kw>
<kw name="Click Button" library="SeleniumLibrary">
<arg>locator=//input[contains(@name,'submit.add-to-cart')]</arg>
<doc>Clicks the button identified by ``locator``.</doc>
<msg timestamp="20221006 09:00:56.630" level="INFO">Clicking button '//input[contains(@name,'submit.add-to-cart')]'.</msg>
<status status="PASS" starttime="20221006 09:00:56.630" endtime="20221006 09:00:58.173"/>
</kw>
<status status="PASS" starttime="20221006 09:00:56.570" endtime="20221006 09:00:58.174"/>
</kw>
<kw name="Verificar se o produto &quot;Xbox Series S&quot; foi adicionado com sucesso" library="amazon_resources">
<kw name="Element Should Be Visible" library="SeleniumLibrary">
<arg>locator=//span[@class='a-size-medium-plus a-color-base sw-atc-text a-text-bold'][contains(.,'Adicionado ao carrinho')]</arg>
<doc>Verifies that the element identified by ``locator`` is visible.</doc>
<msg timestamp="20221006 09:00:58.302" level="INFO">Element '//span[@class='a-size-medium-plus a-color-base sw-atc-text a-text-bold'][contains(.,'Adicionado ao carrinho')]' is displayed.</msg>
<status status="PASS" starttime="20221006 09:00:58.174" endtime="20221006 09:00:58.302"/>
</kw>
<status status="PASS" starttime="20221006 09:00:58.174" endtime="20221006 09:00:58.302"/>
</kw>
<status status="PASS" starttime="20221006 09:00:50.558" endtime="20221006 09:00:58.303"/>
</kw>
<kw name="Quando remover o produto &quot;Console Xbox Series S&quot; do carrinho" library="amazon_resources">
<kw name="Remover o produto &quot;Xbox Series S&quot; do carrinho" library="amazon_resources">
<kw name="Wait Until Element Is Visible" library="SeleniumLibrary">
<arg>locator=//input[contains(@title,'Excluir')]</arg>
<doc>Waits until the element ``locator`` is visible.</doc>
<status status="PASS" starttime="20221006 09:00:58.304" endtime="20221006 09:00:58.627"/>
</kw>
<kw name="Click Button" library="SeleniumLibrary">
<arg>locator=//input[contains(@title,'Excluir')]</arg>
<doc>Clicks the button identified by ``locator``.</doc>
<msg timestamp="20221006 09:00:58.628" level="INFO">Clicking button '//input[contains(@title,'Excluir')]'.</msg>
<status status="PASS" starttime="20221006 09:00:58.627" endtime="20221006 09:00:58.852"/>
</kw>
<status status="PASS" starttime="20221006 09:00:58.304" endtime="20221006 09:00:58.852"/>
</kw>
<status status="PASS" starttime="20221006 09:00:58.303" endtime="20221006 09:00:58.852"/>
</kw>
<kw name="Então o carrinho deve ficar vazio" library="amazon_resources">
<kw name="Verificar se o carrinho fica vazio" library="amazon_resources">
<kw name="Wait Until Element Is Visible" library="SeleniumLibrary">
<arg>locator=//span[@class='a-size-base a-color-price a-text-bold'][contains(.,'R$ 0,00')]</arg>
<doc>Waits until the element ``locator`` is visible.</doc>
<status status="PASS" starttime="20221006 09:00:58.853" endtime="20221006 09:00:59.307"/>
</kw>
<kw name="Element Should Be Visible" library="SeleniumLibrary">
<arg>locator=//span[@class='a-size-base a-color-price a-text-bold'][contains(.,'R$ 0,00')]</arg>
<doc>Verifies that the element identified by ``locator`` is visible.</doc>
<msg timestamp="20221006 09:00:59.454" level="INFO">Element '//span[@class='a-size-base a-color-price a-text-bold'][contains(.,'R$ 0,00')]' is displayed.</msg>
<status status="PASS" starttime="20221006 09:00:59.307" endtime="20221006 09:00:59.454"/>
</kw>
<status status="PASS" starttime="20221006 09:00:58.853" endtime="20221006 09:00:59.454"/>
</kw>
<status status="PASS" starttime="20221006 09:00:58.852" endtime="20221006 09:00:59.455"/>
</kw>
<kw name="Fechar o navegador" library="amazon_resources" type="TEARDOWN">
<kw name="Capture Page Screenshot" library="SeleniumLibrary">
<doc>Takes a screenshot of the current page and embeds it into a log file.</doc>
<msg timestamp="20221006 09:00:59.849" level="INFO" html="true">&lt;/td&gt;&lt;/tr&gt;&lt;tr&gt;&lt;td colspan="3"&gt;&lt;a href="selenium-screenshot-61.png"&gt;&lt;img src="selenium-screenshot-61.png" width="800px"&gt;&lt;/a&gt;</msg>
<status status="PASS" starttime="20221006 09:00:59.457" endtime="20221006 09:00:59.849"/>
</kw>
<kw name="Close Browser" library="SeleniumLibrary">
<doc>Closes the current browser.</doc>
<status status="PASS" starttime="20221006 09:00:59.849" endtime="20221006 09:01:02.473"/>
</kw>
<status status="PASS" starttime="20221006 09:00:59.456" endtime="20221006 09:01:02.474"/>
</kw>
<doc>Esse teste verifica a remoção de um produto no carrinho de compras</doc>
<tag>remover_carrinho</tag>
<status status="PASS" starttime="20221006 09:00:46.029" endtime="20221006 09:01:02.474"/>
</test>
<doc>Essa suíte testa o site da Amazon.com.br</doc>
<status status="PASS" starttime="20221006 09:00:45.774" endtime="20221006 09:01:02.476"/>
</suite>
<statistics>
<total>
<stat pass="1" fail="0" skip="0">All Tests</stat>
</total>
<tag>
<stat pass="1" fail="0" skip="0">remover_carrinho</stat>
</tag>
<suite>
<stat pass="1" fail="0" skip="0" id="s1" name="Amazon Testes Gherkin">Amazon Testes Gherkin</stat>
</suite>
</statistics>
<errors>
</errors>
</robot>
